2025-09-15 16:38:26,029 - MainThread - sqlmesh.core.config.connection - INFO - Creating new DuckDB adapter for data files: {'md:champions_league_data'} (connection.py:489)
2025-09-15 16:38:26,455 - MainThread - sqlmesh.core.config.connection - INFO - Creating new DuckDB adapter for in-memory database (connection.py:491)
2025-09-15 16:38:26,456 - ThreadPoolExecutor-0_0 - sqlmesh.core.console - WARNING - Model '"champions_league_data"."sqlmesh_example"."full_model"' was not found at /Users/AaronHarkins/Python/SQLMesh_Motherduck/tests/test_full_model.yaml (console.py:2260)
2025-09-15 16:38:26,457 - MainThread - sqlmesh.core.config.connection - INFO - Using existing DuckDB adapter due to overlapping data file: md:champions_league_data (connection.py:479)
2025-09-15 16:38:26,457 - MainThread - sqlmesh.core.console - WARNING - The motherduck engine is not recommended for storing SQLMesh state in production deployments. Please see https://sqlmesh.readthedocs.io/en/stable/guides/configuration/#state-connection for a list of recommended engines and more information. (console.py:2260)
2025-09-15 16:38:28,919 - MainThread - sqlmesh.core.plan.evaluator - INFO - Evaluating plan stage CreateSnapshotRecordsStage (evaluator.py:125)
2025-09-15 16:38:29,349 - MainThread - sqlmesh.core.plan.evaluator - INFO - Evaluating plan stage PhysicalLayerSchemaCreationStage (evaluator.py:125)
2025-09-15 16:38:29,350 - MainThread - sqlmesh.core.snapshot.evaluator - INFO - Creating schema 'champions_league_data.sqlmesh__intermediate' (evaluator.py:1360)
2025-09-15 16:38:29,351 - MainThread - sqlmesh.core.engine_adapter.base - INFO - Executing SQL: /* SQLMESH_PLAN: 0dcd24a1ae0748a78a71fa1f61b47a23 */ CREATE SCHEMA IF NOT EXISTS "champions_league_data"."sqlmesh__intermediate" (base.py:2466)
2025-09-15 16:38:29,391 - MainThread - sqlmesh.core.snapshot.evaluator - INFO - Creating schema 'champions_league_data.sqlmesh__facts' (evaluator.py:1360)
2025-09-15 16:38:29,392 - MainThread - sqlmesh.core.engine_adapter.base - INFO - Executing SQL: /* SQLMESH_PLAN: 0dcd24a1ae0748a78a71fa1f61b47a23 */ CREATE SCHEMA IF NOT EXISTS "champions_league_data"."sqlmesh__facts" (base.py:2466)
2025-09-15 16:38:29,433 - MainThread - sqlmesh.core.snapshot.evaluator - INFO - Creating schema 'champions_league_data.sqlmesh__staging' (evaluator.py:1360)
2025-09-15 16:38:29,433 - MainThread - sqlmesh.core.engine_adapter.base - INFO - Executing SQL: /* SQLMESH_PLAN: 0dcd24a1ae0748a78a71fa1f61b47a23 */ CREATE SCHEMA IF NOT EXISTS "champions_league_data"."sqlmesh__staging" (base.py:2466)
2025-09-15 16:38:29,475 - MainThread - sqlmesh.core.plan.evaluator - INFO - Evaluating plan stage BackfillStage (evaluator.py:125)
2025-09-15 16:38:29,477 - MainThread - sqlmesh.core.snapshot.evaluator - INFO - Listing data objects in schema champions_league_data.sqlmesh__facts (evaluator.py:1463)
2025-09-15 16:38:29,478 - MainThread - sqlmesh.core.engine_adapter.base - INFO - Executing SQL: /* SQLMESH_PLAN: 0dcd24a1ae0748a78a71fa1f61b47a23 */ SELECT CURRENT_CATALOG() (base.py:2466)
2025-09-15 16:38:29,480 - MainThread - sqlmesh.core.engine_adapter.base - INFO - Executing SQL: /* SQLMESH_PLAN: 0dcd24a1ae0748a78a71fa1f61b47a23 */ SELECT CURRENT_CATALOG() (base.py:2466)
2025-09-15 16:38:29,482 - MainThread - sqlmesh.core.engine_adapter.base - INFO - Executing SQL: /* SQLMESH_PLAN: 0dcd24a1ae0748a78a71fa1f61b47a23 */ SELECT table_name AS name, table_schema AS schema, CASE table_type WHEN 'BASE TABLE' THEN 'table' WHEN 'VIEW' THEN 'view' WHEN 'LOCAL TEMPORARY' THEN 'table' END AS type FROM system.information_schema.tables WHERE (table_catalog = 'champions_league_data' AND table_schema = 'sqlmesh__facts') AND table_name IN ('facts__fct_ucl_league_standings__1905215544') (base.py:2466)
2025-09-15 16:38:29,501 - MainThread - sqlmesh.core.snapshot.evaluator - INFO - Evaluating snapshot SnapshotId<"champions_league_data"."facts"."fct_ucl_league_standings": 46793497> (evaluator.py:701)
2025-09-15 16:38:29,502 - MainThread - sqlmesh.core.snapshot.evaluator - INFO - Inserting data for snapshot SnapshotId<"champions_league_data"."facts"."fct_ucl_league_standings": 46793497> (evaluator.py:910)
2025-09-15 16:38:29,534 - MainThread - sqlmesh.core.snapshot.evaluator - INFO - Inserting batch (2025-08-31 00:00:00, 2025-09-07 00:00:00) into champions_league_data.sqlmesh__facts.facts__fct_ucl_league_standings__1905215544' (evaluator.py:940)
2025-09-15 16:38:29,534 - MainThread - sqlmesh.core.engine_adapter.base - INFO - Executing SQL: /* SQLMESH_PLAN: 0dcd24a1ae0748a78a71fa1f61b47a23 */ DESCRIBE "champions_league_data"."sqlmesh__facts"."facts__fct_ucl_league_standings__1905215544" (base.py:2466)
2025-09-15 16:38:29,616 - MainThread - sqlmesh.core.engine_adapter.base - INFO - Executing SQL: /* SQLMESH_PLAN: 0dcd24a1ae0748a78a71fa1f61b47a23 */ SELECT CURRENT_CATALOG() (base.py:2466)
2025-09-15 16:38:29,617 - MainThread - sqlmesh.core.engine_adapter.base - INFO - Executing SQL: /* SQLMESH_PLAN: 0dcd24a1ae0748a78a71fa1f61b47a23 */ SELECT CURRENT_CATALOG() (base.py:2466)
2025-09-15 16:38:29,618 - MainThread - sqlmesh.core.engine_adapter.base - INFO - Executing SQL: /* SQLMESH_PLAN: 0dcd24a1ae0748a78a71fa1f61b47a23 */ SELECT table_name AS name, table_schema AS schema, CASE table_type WHEN 'BASE TABLE' THEN 'table' WHEN 'VIEW' THEN 'view' WHEN 'LOCAL TEMPORARY' THEN 'table' END AS type FROM system.information_schema.tables WHERE (table_catalog = 'champions_league_data' AND table_schema = 'sqlmesh__facts') AND table_name IN ('facts__fct_ucl_league_standings__1905215544') (base.py:2466)
2025-09-15 16:38:29,622 - MainThread - sqlmesh.core.engine_adapter.base - INFO - Executing SQL: /* SQLMESH_PLAN: 0dcd24a1ae0748a78a71fa1f61b47a23 */ SELECT CURRENT_CATALOG() (base.py:2466)
2025-09-15 16:38:29,622 - MainThread - sqlmesh.core.engine_adapter.base - INFO - Executing SQL: /* SQLMESH_PLAN: 0dcd24a1ae0748a78a71fa1f61b47a23 */ SELECT type FROM DUCKDB_DATABASES() WHERE database_name = 'champions_league_data' (base.py:2466)
2025-09-15 16:38:29,627 - MainThread - sqlmesh.core.engine_adapter.base - INFO - Executing SQL: /* SQLMESH_PLAN: 0dcd24a1ae0748a78a71fa1f61b47a23 */ CREATE OR REPLACE TABLE "champions_league_data"."sqlmesh__facts"."facts__fct_ucl_league_standings__1905215544" AS WITH "hometeam" AS (SELECT "int_ucl_matches"."match_id" AS "match_id", "int_ucl_matches"."match_status" AS "match_status", "int_ucl_matches"."matchday" AS "matchday", "int_ucl_matches"."season_current_matchday" AS "season_current_matchday", "int_ucl_matches"."hometeam_id" AS "team_id", "int_ucl_matches"."hometeam_tla" AS "team_tla", 'HOME_TEAM' AS "home_away", "int_ucl_matches"."score_fulltime_home" AS "score_fulltime", "int_ucl_matches"."score_halftime_home" AS "score_halftime", "int_ucl_matches"."score_winner" AS "score_winner" FROM "champions_league_data"."sqlmesh__intermediate"."intermediate__int_ucl_matches__2315805281" AS "int_ucl_matches" WHERE "int_ucl_matches"."stage" = 'LEAGUE_STAGE'), "awayteam" AS (SELECT "int_ucl_matches"."match_id" AS "match_id", "int_ucl_matches"."match_status" AS "match_status", "int_ucl_matches"."matchday" AS "matchday", "int_ucl_matches"."season_current_matchday" AS "season_current_matchday", "int_ucl_matches"."awayteam_id" AS "team_id", "int_ucl_matches"."awayteam_tla" AS "team_tla", 'AWAY_TEAM' AS "home_away", "int_ucl_matches"."score_fulltime_away" AS "score_fulltime", "int_ucl_matches"."score_halftime_away" AS "score_halftime", "int_ucl_matches"."score_winner" AS "score_winner" FROM "champions_league_data"."sqlmesh__intermediate"."intermediate__int_ucl_matches__2315805281" AS "int_ucl_matches" WHERE "int_ucl_matches"."stage" = 'LEAGUE_STAGE'), "unioned_data" AS (SELECT "hometeam"."match_id" AS "match_id", "hometeam"."match_status" AS "match_status", "hometeam"."matchday" AS "matchday", "hometeam"."season_current_matchday" AS "season_current_matchday", "hometeam"."team_id" AS "team_id", "hometeam"."team_tla" AS "team_tla", "hometeam"."home_away" AS "home_away", "hometeam"."score_fulltime" AS "score_fulltime", "hometeam"."score_halftime" AS "score_halftime", "hometeam"."score_winner" AS "score_winner" FROM "hometeam" AS "hometeam" UNION ALL SELECT "awayteam"."match_id" AS "match_id", "awayteam"."match_status" AS "match_status", "awayteam"."matchday" AS "matchday", "awayteam"."season_current_matchday" AS "season_current_matchday", "awayteam"."team_id" AS "team_id", "awayteam"."team_tla" AS "team_tla", "awayteam"."home_away" AS "home_away", "awayteam"."score_fulltime" AS "score_fulltime", "awayteam"."score_halftime" AS "score_halftime", "awayteam"."score_winner" AS "score_winner" FROM "awayteam" AS "awayteam"), "points" AS (SELECT "ud"."match_id" AS "match_id", "ud"."matchday" AS "matchday", "ud"."team_id" AS "team_id", "ud"."team_tla" AS "team_tla", "t"."team_name" AS "team_name", "ud"."home_away" AS "home_away", "ud"."score_fulltime" AS "score_fulltime", "ud"."score_winner" AS "score_winner", SUM("ud"."score_halftime") OVER (PARTITION BY "ud"."team_id" ORDER BY "ud"."matchday" ROWS BETWEEN UNBOUNDED PRECEDING AND CURRENT ROW) AS "halftime_goals_scored", SUM("ud"."score_fulltime") OVER (PARTITION BY "ud"."team_id" ORDER BY "ud"."matchday" ROWS BETWEEN UNBOUNDED PRECEDING AND CURRENT ROW) AS "total_goals_scored", CASE WHEN "ud"."home_away" = "ud"."score_winner" THEN 3 WHEN "ud"."score_winner" = 'DRAW' THEN 1 ELSE 0 END AS "points_earned" FROM "unioned_data" AS "ud" LEFT JOIN "champions_league_data"."sqlmesh__intermediate"."intermediate__int_ucl_teams__4282581205" AS "t" ON "t"."team_id" = "ud"."team_id"), "goals_conceded" AS (SELECT "p"."match_id" AS "match_id", "p"."matchday" AS "matchday", "p"."team_id" AS "team_id", "p"."team_tla" AS "team_tla", "p"."team_name" AS "team_name", "p"."home_away" AS "home_away", "p"."score_fulltime" AS "score_fulltime", "p"."score_winner" AS "score_winner", "p"."halftime_goals_scored" AS "halftime_goals_scored", "p"."total_goals_scored" AS "total_goals_scored", "p"."points_earned" AS "points_earned", SUM("p"."points_earned") OVER (PARTITION BY "p"."team_id" ORDER BY "p"."matchday" ROWS BETWEEN UNBOUNDED PRECEDING AND CURRENT ROW) AS "total_points_earned", "pp"."score_fulltime" AS "goals_conceded", SUM("pp"."score_fulltime") OVER (PARTITION BY "p"."team_id" ORDER BY "p"."matchday" ROWS BETWEEN UNBOUNDED PRECEDING AND CURRENT ROW) AS "total_goals_conceded" FROM "points" AS "p" JOIN "points" AS "pp" ON "p"."match_id" = "pp"."match_id" AND "p"."team_id" <> "pp"."team_id") SELECT "goals_conceded"."matchday" AS "matchday", "goals_conceded"."team_tla" AS "team_tla", "goals_conceded"."team_name" AS "team_name", "goals_conceded"."total_points_earned" AS "total_points_earned", "goals_conceded"."total_goals_scored" AS "total_goals_scored", "goals_conceded"."total_goals_conceded" AS "total_goals_conceded", "goals_conceded"."total_goals_scored" - "goals_conceded"."total_goals_conceded" AS "goal_differential" FROM "goals_conceded" AS "goals_conceded" ORDER BY "matchday", "total_points_earned" DESC, "goal_differential" DESC, "total_goals_scored" DESC, "team_name" (base.py:2466)
2025-09-15 16:38:29,705 - MainThread - sqlmesh.core.scheduler - INFO - Execution failed for node EvaluateNode(snapshot_name='"champions_league_data"."facts"."fct_ucl_league_standings"', interval=(1756598400000, 1757203200000), batch_index=0) (scheduler.py:597)
Traceback (most recent call last):
  File "/Library/Frameworks/Python.framework/Versions/3.12/lib/python3.12/site-packages/sqlmesh/utils/concurrency.py", line 234, in sequential_apply_to_dag
    fn(node)
  File "/Library/Frameworks/Python.framework/Versions/3.12/lib/python3.12/site-packages/sqlmesh/core/scheduler.py", line 533, in run_node
    audit_results = self.evaluate(
                    ^^^^^^^^^^^^^^
  File "/Library/Frameworks/Python.framework/Versions/3.12/lib/python3.12/site-packages/sqlmesh/core/scheduler.py", line 229, in evaluate
    wap_id = self.snapshot_evaluator.evaluate(
             ^^^^^^^^^^^^^^^^^^^^^^^^^^^^^^^^^
  File "/Library/Frameworks/Python.framework/Versions/3.12/lib/python3.12/site-packages/sqlmesh/core/snapshot/evaluator.py", line 182, in evaluate
    result = self._evaluate_snapshot(
             ^^^^^^^^^^^^^^^^^^^^^^^^
  File "/Library/Frameworks/Python.framework/Versions/3.12/lib/python3.12/site-packages/sqlmesh/core/snapshot/evaluator.py", line 797, in _evaluate_snapshot
    self._render_and_insert_snapshot(
  File "/Library/Frameworks/Python.framework/Versions/3.12/lib/python3.12/site-packages/sqlmesh/core/snapshot/evaluator.py", line 990, in _render_and_insert_snapshot
    apply(query_or_df, index)
  File "/Library/Frameworks/Python.framework/Versions/3.12/lib/python3.12/site-packages/sqlmesh/core/snapshot/evaluator.py", line 946, in apply
    evaluation_strategy.insert(
  File "/Library/Frameworks/Python.framework/Versions/3.12/lib/python3.12/site-packages/sqlmesh/core/snapshot/evaluator.py", line 2116, in insert
    self._replace_query_for_model(model, table_name, query_or_df, render_kwargs, **kwargs)
  File "/Library/Frameworks/Python.framework/Versions/3.12/lib/python3.12/site-packages/sqlmesh/core/snapshot/evaluator.py", line 1864, in _replace_query_for_model
    self.adapter.replace_query(
  File "/Library/Frameworks/Python.framework/Versions/3.12/lib/python3.12/site-packages/sqlmesh/core/engine_adapter/shared.py", line 312, in internal_wrapper
    return func(*list_args, **kwargs)
           ^^^^^^^^^^^^^^^^^^^^^^^^^^
  File "/Library/Frameworks/Python.framework/Versions/3.12/lib/python3.12/site-packages/sqlmesh/core/engine_adapter/base.py", line 512, in replace_query
    return self._create_table_from_source_queries(
           ^^^^^^^^^^^^^^^^^^^^^^^^^^^^^^^^^^^^^^^
  File "/Library/Frameworks/Python.framework/Versions/3.12/lib/python3.12/site-packages/sqlmesh/core/engine_adapter/base.py", line 917, in _create_table_from_source_queries
    self._create_table(
  File "/Library/Frameworks/Python.framework/Versions/3.12/lib/python3.12/site-packages/sqlmesh/core/engine_adapter/duckdb.py", line 188, in _create_table
    super()._create_table(
  File "/Library/Frameworks/Python.framework/Versions/3.12/lib/python3.12/site-packages/sqlmesh/core/engine_adapter/base.py", line 960, in _create_table
    self.execute(
  File "/Library/Frameworks/Python.framework/Versions/3.12/lib/python3.12/site-packages/sqlmesh/core/engine_adapter/base.py", line 2443, in execute
    self._execute(sql, track_rows_processed, **kwargs)
  File "/Library/Frameworks/Python.framework/Versions/3.12/lib/python3.12/site-packages/sqlmesh/core/engine_adapter/base.py", line 2475, in _execute
    self.cursor.execute(sql, **kwargs)
duckdb.duckdb.BinderException: Binder Error: No function matches the given name and argument types 'sum(VARCHAR)'. You might need to add explicit type casts.
	Candidate functions:
	sum(DECIMAL) -> DECIMAL
	sum(BOOLEAN) -> HUGEINT
	sum(SMALLINT) -> HUGEINT
	sum(INTEGER) -> HUGEINT
	sum(BIGINT) -> HUGEINT
	sum(HUGEINT) -> HUGEINT
	sum(DOUBLE) -> DOUBLE


LINE 1: ..." AS "score_fulltime", "ud"."score_winner" AS "score_winner", SUM("ud"."score_halftime") OVER (PARTITION BY "ud"."team_id...
                                                                         ^

The above exception was the direct cause of the following exception:

sqlmesh.utils.concurrency.NodeExecutionFailedError: Execution failed for node EvaluateNode(snapshot_name='"champions_league_data"."facts"."fct_ucl_league_standings"', interval=(1756598400000, 1757203200000), batch_index=0)
2025-09-15 16:38:29,714 - MainThread - sqlmesh.core.context - INFO - Plan application failed. (context.py:1735)
Traceback (most recent call last):
  File "/Library/Frameworks/Python.framework/Versions/3.12/lib/python3.12/site-packages/sqlmesh/core/context.py", line 1727, in apply
    self._apply(plan, circuit_breaker)
  File "/Library/Frameworks/Python.framework/Versions/3.12/lib/python3.12/site-packages/sqlmesh/core/context.py", line 2519, in _apply
    self._scheduler.create_plan_evaluator(self).evaluate(
  File "/Library/Frameworks/Python.framework/Versions/3.12/lib/python3.12/site-packages/sqlmesh/core/plan/evaluator.py", line 107, in evaluate
    self._evaluate_stages(plan_stages, plan)
  File "/Library/Frameworks/Python.framework/Versions/3.12/lib/python3.12/site-packages/sqlmesh/core/plan/evaluator.py", line 127, in _evaluate_stages
    handler(stage, plan)
  File "/Library/Frameworks/Python.framework/Versions/3.12/lib/python3.12/site-packages/sqlmesh/core/plan/evaluator.py", line 265, in visit_backfill_stage
    raise PlanError("Plan application failed.")
sqlmesh.utils.errors.PlanError: Plan application failed.
2025-09-15 16:38:29,716 - MainThread - root - INFO - Shutting down the event dispatcher (dispatcher.py:159)
